  BeautyCam.cpp
D:\BaiduSyncdisk\coding\Project4\Project4\BeautyCam.cpp(123,21): warning C4018: “<”: 有符号/无符号不匹配
  main.cpp
BeautyCam.obj : error LNK2001: 无法解析的外部符号 "private: unsigned char const * __thiscall dlib::png_loader::get_row(unsigned int)const " (?get_row@png_loader@dlib@@ABEPBEI@Z)
BeautyCam.obj : error LNK2001: 无法解析的外部符号 "public: bool __thiscall dlib::png_loader::is_rgba(void)const " (?is_rgba@png_loader@dlib@@QBE_NXZ)
BeautyCam.obj : error LNK2001: 无法解析的外部符号 "public: bool __thiscall dlib::png_loader::is_rgb(void)const " (?is_rgb@png_loader@dlib@@QBE_NXZ)
BeautyCam.obj : error LNK2001: 无法解析的外部符号 "public: bool __thiscall dlib::png_loader::is_graya(void)const " (?is_graya@png_loader@dlib@@QBE_NXZ)
BeautyCam.obj : error LNK2001: 无法解析的外部符号 "public: bool __thiscall dlib::png_loader::is_gray(void)const " (?is_gray@png_loader@dlib@@QBE_NXZ)
BeautyCam.obj : error LNK2001: 无法解析的外部符号 "public: __thiscall dlib::png_loader::~png_loader(void)" (??1png_loader@dlib@@QAE@XZ)
BeautyCam.obj : error LNK2001: 无法解析的外部符号 "public: __thiscall dlib::png_loader::png_loader(class std::basic_string<char,struct std::char_traits<char>,class std::allocator<char> > const &)" (??0png_loader@dlib@@QAE@ABV?$basic_string@DU?$char_traits@D@std@@V?$allocator@D@2@@std@@@Z)
BeautyCam.obj : error LNK2001: 无法解析的外部符号 "public: unsigned int __thiscall dlib::entropy_decoder_kernel_2::get_target(unsigned int)" (?get_target@entropy_decoder_kernel_2@dlib@@QAEII@Z)
BeautyCam.obj : error LNK2001: 无法解析的外部符号 "public: void __thiscall dlib::entropy_decoder_kernel_2::decode(unsigned int,unsigned int)" (?decode@entropy_decoder_kernel_2@dlib@@QAEXII@Z)
BeautyCam.obj : error LNK2001: 无法解析的外部符号 "public: void __thiscall dlib::entropy_decoder_kernel_2::set_stream(class std::basic_istream<char,struct std::char_traits<char> > &)" (?set_stream@entropy_decoder_kernel_2@dlib@@QAEXAAV?$basic_istream@DU?$char_traits@D@std@@@std@@@Z)
BeautyCam.obj : error LNK2001: 无法解析的外部符号 "public: virtual __thiscall dlib::entropy_decoder_kernel_2::~entropy_decoder_kernel_2(void)" (??1entropy_decoder_kernel_2@dlib@@UAE@XZ)
BeautyCam.obj : error LNK2001: 无法解析的外部符号 "public: __thiscall dlib::entropy_decoder_kernel_2::entropy_decoder_kernel_2(void)" (??0entropy_decoder_kernel_2@dlib@@QAE@XZ)
BeautyCam.obj : error LNK2001: 无法解析的外部符号 "public: void __thiscall dlib::base64::decode(class std::basic_istream<char,struct std::char_traits<char> > &,class std::basic_ostream<char,struct std::char_traits<char> > &)const " (?decode@base64@dlib@@QBEXAAV?$basic_istream@DU?$char_traits@D@std@@@std@@AAV?$basic_ostream@DU?$char_traits@D@std@@@4@@Z)
BeautyCam.obj : error LNK2001: 无法解析的外部符号 "public: virtual __thiscall dlib::base64::~base64(void)" (??1base64@dlib@@UAE@XZ)
BeautyCam.obj : error LNK2001: 无法解析的外部符号 "public: __thiscall dlib::base64::base64(void)" (??0base64@dlib@@QAE@XZ)
BeautyCam.obj : error LNK2001: 无法解析的外部符号 "public: bool __thiscall dlib::jpeg_loader::is_rgba(void)const " (?is_rgba@jpeg_loader@dlib@@QBE_NXZ)
BeautyCam.obj : error LNK2001: 无法解析的外部符号 "public: bool __thiscall dlib::jpeg_loader::is_gray(void)const " (?is_gray@jpeg_loader@dlib@@QBE_NXZ)
BeautyCam.obj : error LNK2001: 无法解析的外部符号 "public: __thiscall dlib::jpeg_loader::jpeg_loader(class std::basic_string<char,struct std::char_traits<char>,class std::allocator<char> > const &)" (??0jpeg_loader@dlib@@QAE@ABV?$basic_string@DU?$char_traits@D@std@@V?$allocator@D@2@@std@@@Z)
BeautyCam.obj : error LNK2001: 无法解析的外部符号 _USER_ERROR__inconsistent_build_configuration__see_dlib_faq_1_
BeautyCam.obj : error LNK2001: 无法解析的外部符号 _DLIB_VERSION_MISMATCH_CHECK__EXPECTED_VERSION_19_24_0
BeautyCam.obj : error LNK2001: 无法解析的外部符号 "int __cdecl cv::createTrackbar(class std::basic_string<char,struct std::char_traits<char>,class std::allocator<char> > const &,class std::basic_string<char,struct std::char_traits<char>,class std::allocator<char> > const &,int *,int,void (__cdecl*)(int,void *),void *)" (?createTrackbar@cv@@YAHABV?$basic_string@DU?$char_traits@D@std@@V?$allocator@D@2@@std@@0PAHHP6AXHPAX@Z2@Z)
BeautyCam.obj : error LNK2001: 无法解析的外部符号 "void __cdecl cv::imshow(class std::basic_string<char,struct std::char_traits<char>,class std::allocator<char> > const &,class cv::_InputArray const &)" (?imshow@cv@@YAXABV?$basic_string@DU?$char_traits@D@std@@V?$allocator@D@2@@std@@ABV_InputArray@1@@Z)
BeautyCam.obj : error LNK2001: 无法解析的外部符号 "void __cdecl cv::equalizeHist(class cv::_InputArray const &,class cv::_OutputArray const &)" (?equalizeHist@cv@@YAXABV_InputArray@1@ABV_OutputArray@1@@Z)
BeautyCam.obj : error LNK2001: 无法解析的外部符号 "void __cdecl cv::namedWindow(class std::basic_string<char,struct std::char_traits<char>,class std::allocator<char> > const &,int)" (?namedWindow@cv@@YAXABV?$basic_string@DU?$char_traits@D@std@@V?$allocator@D@2@@std@@H@Z)
BeautyCam.obj : error LNK2001: 无法解析的外部符号 "public: void __thiscall cv::Mat::copySize(class cv::Mat const &)" (?copySize@Mat@cv@@QAEXABV12@@Z)
BeautyCam.obj : error LNK2001: 无法解析的外部符号 "public: void __thiscall cv::Mat::deallocate(void)" (?deallocate@Mat@cv@@QAEXXZ)
BeautyCam.obj : error LNK2001: 无法解析的外部符号 "public: void __thiscall cv::Mat::create(int,int const *,int)" (?create@Mat@cv@@QAEXHPBHH@Z)
BeautyCam.obj : error LNK2001: 无法解析的外部符号 "public: static class cv::MatExpr __cdecl cv::Mat::zeros(class cv::Size_<int>,int)" (?zeros@Mat@cv@@SA?AVMatExpr@2@V?$Size_@H@2@H@Z)
BeautyCam.obj : error LNK2001: 无法解析的外部符号 "public: void __thiscall cv::Mat::copyTo(class cv::_OutputArray const &)const " (?copyTo@Mat@cv@@QBEXABV_OutputArray@2@@Z)
BeautyCam.obj : error LNK2001: 无法解析的外部符号 "public: class cv::Mat & __thiscall cv::Mat::operator=(class cv::Scalar_<double> const &)" (??4Mat@cv@@QAEAAV01@ABV?$Scalar_@N@1@@Z)
BeautyCam.obj : error LNK2001: 无法解析的外部符号 "public: __thiscall cv::Mat::Mat(class cv::Mat const &,class cv::Range const &,class cv::Range const &)" (??0Mat@cv@@QAE@ABV01@ABVRange@1@1@Z)
BeautyCam.obj : error LNK2001: 无法解析的外部符号 "void __cdecl cv::cvtColor(class cv::_InputArray const &,class cv::_OutputArray const &,int,int)" (?cvtColor@cv@@YAXABV_InputArray@1@ABV_OutputArray@1@HH@Z)
BeautyCam.obj : error LNK2001: 无法解析的外部符号 "class cv::MatExpr __cdecl cv::operator+(class cv::Mat const &,class cv::MatExpr const &)" (??Hcv@@YA?AVMatExpr@0@ABVMat@0@ABV10@@Z)
BeautyCam.obj : error LNK2001: 无法解析的外部符号 "class cv::MatExpr __cdecl cv::operator+(class cv::MatExpr const &,class cv::Scalar_<double> const &)" (??Hcv@@YA?AVMatExpr@0@ABV10@ABV?$Scalar_@N@0@@Z)
BeautyCam.obj : error LNK2001: 无法解析的外部符号 "class cv::MatExpr __cdecl cv::operator+(class cv::MatExpr const &,class cv::MatExpr const &)" (??Hcv@@YA?AVMatExpr@0@ABV10@0@Z)
BeautyCam.obj : error LNK2001: 无法解析的外部符号 "void __cdecl cv::addWeighted(class cv::_InputArray const &,double,class cv::_InputArray const &,double,double,class cv::_OutputArray const &,int)" (?addWeighted@cv@@YAXABV_InputArray@1@N0NNABV_OutputArray@1@H@Z)
BeautyCam.obj : error LNK2001: 无法解析的外部符号 "class cv::MatExpr __cdecl cv::operator*(class cv::Mat const &,double)" (??Dcv@@YA?AVMatExpr@0@ABVMat@0@N@Z)
BeautyCam.obj : error LNK2001: 无法解析的外部符号 "class cv::MatExpr __cdecl cv::operator*(double,class cv::Mat const &)" (??Dcv@@YA?AVMatExpr@0@NABVMat@0@@Z)
BeautyCam.obj : error LNK2001: 无法解析的外部符号 "void __cdecl cv::GaussianBlur(class cv::_InputArray const &,class cv::_OutputArray const &,class cv::Size_<int>,double,double,int)" (?GaussianBlur@cv@@YAXABV_InputArray@1@ABV_OutputArray@1@V?$Size_@H@1@NNH@Z)
BeautyCam.obj : error LNK2001: 无法解析的外部符号 "void __cdecl cv::fastFree(void *)" (?fastFree@cv@@YAXPAX@Z)
BeautyCam.obj : error LNK2001: 无法解析的外部符号 "class cv::Mat __cdecl cv::imread(class std::basic_string<char,struct std::char_traits<char>,class std::allocator<char> > const &,int)" (?imread@cv@@YA?AVMat@1@ABV?$basic_string@DU?$char_traits@D@std@@V?$allocator@D@2@@std@@H@Z)
BeautyCam.obj : error LNK2001: 无法解析的外部符号 "void __cdecl cv::bilateralFilter(class cv::_InputArray const &,class cv::_OutputArray const &,int,double,double,int)" (?bilateralFilter@cv@@YAXABV_InputArray@1@ABV_OutputArray@1@HNNH@Z)
BeautyCam.obj : error LNK2001: 无法解析的外部符号 "class cv::MatExpr __cdecl cv::operator/(class cv::MatExpr const &,double)" (??Kcv@@YA?AVMatExpr@0@ABV10@N@Z)
BeautyCam.obj : error LNK2001: 无法解析的外部符号 "class cv::MatExpr __cdecl cv::operator-(class cv::Mat const &,class cv::Mat const &)" (??Gcv@@YA?AVMatExpr@0@ABVMat@0@0@Z)
BeautyCam.obj : error LNK2001: 无法解析的外部符号 "class cv::MatExpr __cdecl cv::operator-(class cv::MatExpr const &,class cv::Scalar_<double> const &)" (??Gcv@@YA?AVMatExpr@0@ABV10@ABV?$Scalar_@N@0@@Z)
BeautyCam.obj : error LNK2001: 无法解析的外部符号 "public: void __thiscall cv::CascadeClassifier::detectMultiScale(class cv::_InputArray const &,class std::vector<class cv::Rect_<int>,class std::allocator<class cv::Rect_<int> > > &,double,int,int,class cv::Size_<int>,class cv::Size_<int>)" (?detectMultiScale@CascadeClassifier@cv@@QAEXABV_InputArray@2@AAV?$vector@V?$Rect_@H@cv@@V?$allocator@V?$Rect_@H@cv@@@std@@@std@@NHHV?$Size_@H@2@2@Z)
BeautyCam.obj : error LNK2001: 无法解析的外部符号 "public: bool __thiscall cv::CascadeClassifier::load(class std::basic_string<char,struct std::char_traits<char>,class std::allocator<char> > const &)" (?load@CascadeClassifier@cv@@QAE_NABV?$basic_string@DU?$char_traits@D@std@@V?$allocator@D@2@@std@@@Z)
BeautyCam.obj : error LNK2001: 无法解析的外部符号 "public: bool __thiscall cv::CascadeClassifier::empty(void)const " (?empty@CascadeClassifier@cv@@QBE_NXZ)
BeautyCam.obj : error LNK2001: 无法解析的外部符号 "public: __thiscall cv::CascadeClassifier::~CascadeClassifier(void)" (??1CascadeClassifier@cv@@QAE@XZ)
BeautyCam.obj : error LNK2001: 无法解析的外部符号 "public: __thiscall cv::CascadeClassifier::CascadeClassifier(void)" (??0CascadeClassifier@cv@@QAE@XZ)
BeautyCam.obj : error LNK2001: 无法解析的外部符号 "void __cdecl cv::resize(class cv::_InputArray const &,class cv::_OutputArray const &,class cv::Size_<int>,double,double,int)" (?resize@cv@@YAXABV_InputArray@1@ABV_OutputArray@1@V?$Size_@H@1@NNH@Z)
main.obj : error LNK2001: 无法解析的外部符号 "public: __thiscall cv::Mat::Mat(class cv::Mat const &,class cv::Rect_<int> const &)" (??0Mat@cv@@QAE@ABV01@ABV?$Rect_@H@1@@Z)
main.obj : error LNK2001: 无法解析的外部符号 "void __cdecl cv::destroyAllWindows(void)" (?destroyAllWindows@cv@@YAXXZ)
main.obj : error LNK2001: 无法解析的外部符号 "int __cdecl cv::waitKey(int)" (?waitKey@cv@@YAHH@Z)
D:\BaiduSyncdisk\coding\Project4\Release\Project4.exe : fatal error LNK1120: 54 个无法解析的外部命令
